<?xml version="1.0" encoding="UTF-8"?>
<testng-results ignored="0" total="3" passed="3" failed="0" skipped="0">
  <reporter-output>
  </reporter-output>
  <suite started-at="2023-05-18T16:23:24 IST" name="Default suite" finished-at="2023-05-18T16:25:23 IST" duration-ms="119653">
    <groups>
    </groups>
    <test started-at="2023-05-18T16:23:24 IST" name="Default test" finished-at="2023-05-18T16:25:23 IST" duration-ms="119653">
      <class name="org.LUMA.test.Test1">
        <test-method is-config="true" signature="LaunchBrowser()[pri:0, instance:org.LUMA.test.Test1@4659191b]" started-at="2023-05-18T16:23:26 IST" name="LaunchBrowser" finished-at="2023-05-18T16:23:32 IST" duration-ms="6571" status="PASS">
          <reporter-output>
          </reporter-output>
        </test-method> <!-- LaunchBrowser -->
        <test-method signature="test([Ljava.lang.String;)[pri:0, instance:org.LUMA.test.Test1@4659191b]" started-at="2023-05-18T16:23:32 IST" name="test" data-provider="Data" finished-at="2023-05-18T16:24:06 IST" duration-ms="34055" status="PASS">
          <params>
            <param index="0">
              <value>
                <![CDATA[[Ljava.lang.String;@74c9e11]]>
              </value>
            </param>
          </params>
          <reporter-output>
          </reporter-output>
        </test-method> <!-- test -->
        <test-method is-config="true" signature="quit()[pri:0, instance:org.LUMA.test.Test1@4659191b]" started-at="2023-05-18T16:24:06 IST" name="quit" finished-at="2023-05-18T16:24:07 IST" duration-ms="996" status="PASS">
          <reporter-output>
          </reporter-output>
        </test-method> <!-- quit -->
        <test-method is-config="true" signature="LaunchBrowser()[pri:0, instance:org.LUMA.test.Test1@4659191b]" started-at="2023-05-18T16:24:07 IST" name="LaunchBrowser" finished-at="2023-05-18T16:24:11 IST" duration-ms="4186" status="PASS">
          <reporter-output>
          </reporter-output>
        </test-method> <!-- LaunchBrowser -->
        <test-method signature="test([Ljava.lang.String;)[pri:0, instance:org.LUMA.test.Test1@4659191b]" started-at="2023-05-18T16:24:11 IST" name="test" data-provider="Data" finished-at="2023-05-18T16:24:45 IST" duration-ms="33177" status="PASS">
          <params>
            <param index="0">
              <value>
                <![CDATA[[Ljava.lang.String;@149274cb]]>
              </value>
            </param>
          </params>
          <reporter-output>
          </reporter-output>
        </test-method> <!-- test -->
        <test-method is-config="true" signature="quit()[pri:0, instance:org.LUMA.test.Test1@4659191b]" started-at="2023-05-18T16:24:45 IST" name="quit" finished-at="2023-05-18T16:24:46 IST" duration-ms="1025" status="PASS">
          <reporter-output>
          </reporter-output>
        </test-method> <!-- quit -->
        <test-method is-config="true" signature="LaunchBrowser()[pri:0, instance:org.LUMA.test.Test1@4659191b]" started-at="2023-05-18T16:24:46 IST" name="LaunchBrowser" finished-at="2023-05-18T16:24:50 IST" duration-ms="4403" status="PASS">
          <reporter-output>
          </reporter-output>
        </test-method> <!-- LaunchBrowser -->
        <test-method signature="test([Ljava.lang.String;)[pri:0, instance:org.LUMA.test.Test1@4659191b]" started-at="2023-05-18T16:24:50 IST" name="test" data-provider="Data" finished-at="2023-05-18T16:25:22 IST" duration-ms="32164" status="PASS">
          <params>
            <param index="0">
              <value>
                <![CDATA[[Ljava.lang.String;@9fe720a]]>
              </value>
            </param>
          </params>
          <reporter-output>
          </reporter-output>
        </test-method> <!-- test -->
        <test-method is-config="true" signature="quit()[pri:0, instance:org.LUMA.test.Test1@4659191b]" started-at="2023-05-18T16:25:22 IST" name="quit" finished-at="2023-05-18T16:25:23 IST" duration-ms="1057" status="PASS">
          <reporter-output>
          </reporter-output>
        </test-method> <!-- quit -->
      </class> <!-- org.LUMA.test.Test1 -->
    </test> <!-- Default test -->
  </suite> <!-- Default suite -->
</testng-results>
