<?xml version="1.0" encoding="UTF-8"?>
<!-- Generated by org.testng.reporters.JUnitXMLReporter -->
<testsuite ignored="0" hostname="LAPTOP-4CDDFFRU" failures="0" tests="3" name="Default test" time="119.653" errors="0" timestamp="2023-05-18T16:25:23 IST">
  <testcase classname="org.LUMA.test.Test1" name="test" time="34.055"/>
  <testcase classname="org.LUMA.test.Test1" name="test" time="33.177"/>
  <testcase classname="org.LUMA.test.Test1" name="test" time="32.164"/>
</testsuite> <!-- Default test -->
